<?xml version="1.0" encoding="UTF-8"?>
<!-- Generated by org.testng.reporters.JUnitReportReporter -->
<testsuite hostname="gaurav-bajajs-MacBook-Pro.local" name="testproject.AmazonAddToCartTests" tests="1" failures="0" timestamp="12 Dec 2014 08:01:02 GMT" time="8.303" errors="0">
  <testcase name="addToCartTest" time="8.303" classname="testproject.AmazonAddToCartTests"/>
</testsuite> <!-- testproject.AmazonAddToCartTests -->
