<?xml version="1.0" encoding="UTF-8"?>
<!-- Generated by org.testng.reporters.JUnitReportReporter -->
<testsuite hostname="gaurav-bajajs-MacBook-Pro.local" name="testproject.AmazonAddToCartTests" tests="1" failures="0" timestamp="12 Dec 2014 07:50:58 GMT" time="10.281" errors="0">
  <testcase name="addToCartTest" time="10.281" classname="testproject.AmazonAddToCartTests"/>
</testsuite> <!-- testproject.AmazonAddToCartTests -->
